{"name":"hexo","hostname":"VM-43-50-ubuntu","pid":20910,"level":20,"msg":"Hexo version: \u001b[35m3.7.1\u001b[39m","time":"2018-07-29T09:31:24.431Z","v":0}
{"name":"hexo","hostname":"VM-43-50-ubuntu","pid":20910,"level":20,"msg":"Working directory: \u001b[35m~/blog/\u001b[39m","time":"2018-07-29T09:31:24.433Z","v":0}
{"name":"hexo","hostname":"VM-43-50-ubuntu","pid":20910,"level":20,"msg":"Updating package.json","time":"2018-07-29T09:31:24.485Z","v":0}
{"name":"hexo","hostname":"VM-43-50-ubuntu","pid":20910,"level":60,"err":{"message":"can not read a block mapping entry; a multiline key may not be an implicit key at line 8, column 12:\n    description:\n               ^","name":"YAMLException","stack":"YAMLException: can not read a block mapping entry; a multiline key may not be an implicit key at line 8, column 12:\n    description:\n               ^\n    at generateError (/root/blog/node_modules/js-yaml/lib/js-yaml/loader.js:165:10)\n    at throwError (/root/blog/node_modules/js-yaml/lib/js-yaml/loader.js:171:9)\n    at readBlockMapping (/root/blog/node_modules/js-yaml/lib/js-yaml/loader.js:1046:9)\n    at composeNode (/root/blog/node_modules/js-yaml/lib/js-yaml/loader.js:1332:12)\n    at readDocument (/root/blog/node_modules/js-yaml/lib/js-yaml/loader.js:1492:3)\n    at loadDocuments (/root/blog/node_modules/js-yaml/lib/js-yaml/loader.js:1548:5)\n    at Object.load (/root/blog/node_modules/js-yaml/lib/js-yaml/loader.js:1569:19)\n    at Hexo.yamlHelper (/root/blog/node_modules/hexo/lib/plugins/renderer/yaml.js:7:15)\n    at Hexo.tryCatcher (/root/blog/node_modules/bluebird/js/release/util.js:16:23)\n    at Hexo.<anonymous> (/root/blog/node_modules/bluebird/js/release/method.js:15:34)\n    at Promise.then.text (/root/blog/node_modules/hexo/lib/hexo/render.js:61:21)\n    at tryCatcher (/root/blog/node_modules/bluebird/js/release/util.js:16:23)\n    at Promise._settlePromiseFromHandler (/root/blog/node_modules/bluebird/js/release/promise.js:512:31)\n    at Promise._settlePromise (/root/blog/node_modules/bluebird/js/release/promise.js:569:18)\n    at Promise._settlePromise0 (/root/blog/node_modules/bluebird/js/release/promise.js:614:10)\n    at Promise._settlePromises (/root/blog/node_modules/bluebird/js/release/promise.js:693:18)\n    at Async._drainQueue (/root/blog/node_modules/bluebird/js/release/async.js:133:16)\n    at Async._drainQueues (/root/blog/node_modules/bluebird/js/release/async.js:143:10)\n    at Immediate.Async.drainQueues [as _onImmediate] (/root/blog/node_modules/bluebird/js/release/async.js:17:14)\n    at runCallback (timers.js:696:18)\n    at tryOnImmediate (timers.js:667:5)\n    at processImmediate (timers.js:649:5)"},"msg":"can not read a block mapping entry; a multiline key may not be an implicit key at line 8, column 12:\n    description:\n               ^","time":"2018-07-29T09:31:24.492Z","v":0}
{"name":"hexo","hostname":"VM-43-50-ubuntu","pid":20980,"level":20,"msg":"Hexo version: \u001b[35m3.7.1\u001b[39m","time":"2018-07-29T09:32:03.877Z","v":0}
{"name":"hexo","hostname":"VM-43-50-ubuntu","pid":20980,"level":20,"msg":"Working directory: \u001b[35m~/blog/\u001b[39m","time":"2018-07-29T09:32:03.879Z","v":0}
{"name":"hexo","hostname":"VM-43-50-ubuntu","pid":20980,"level":20,"msg":"Config loaded: \u001b[35m~/blog/_config.yml\u001b[39m","time":"2018-07-29T09:32:03.935Z","v":0}
{"name":"hexo","hostname":"VM-43-50-ubuntu","pid":20980,"level":20,"msg":"Plugin loaded: \u001b[35mhexo-generator-archive\u001b[39m","time":"2018-07-29T09:32:03.946Z","v":0}
{"name":"hexo","hostname":"VM-43-50-ubuntu","pid":20980,"level":20,"msg":"Plugin loaded: \u001b[35mhexo-generator-category\u001b[39m","time":"2018-07-29T09:32:03.947Z","v":0}
{"name":"hexo","hostname":"VM-43-50-ubuntu","pid":20980,"level":20,"msg":"Plugin loaded: \u001b[35mhexo-generator-index\u001b[39m","time":"2018-07-29T09:32:03.948Z","v":0}
{"name":"hexo","hostname":"VM-43-50-ubuntu","pid":20980,"level":20,"msg":"Plugin loaded: \u001b[35mhexo-generator-tag\u001b[39m","time":"2018-07-29T09:32:03.949Z","v":0}
{"name":"hexo","hostname":"VM-43-50-ubuntu","pid":20980,"level":20,"msg":"Plugin loaded: \u001b[35mhexo-renderer-ejs\u001b[39m","time":"2018-07-29T09:32:03.951Z","v":0}
{"name":"hexo","hostname":"VM-43-50-ubuntu","pid":20980,"level":20,"msg":"Plugin loaded: \u001b[35mhexo-renderer-stylus\u001b[39m","time":"2018-07-29T09:32:03.952Z","v":0}
{"name":"hexo","hostname":"VM-43-50-ubuntu","pid":20980,"level":20,"msg":"Plugin loaded: \u001b[35mhexo-renderer-marked\u001b[39m","time":"2018-07-29T09:32:03.955Z","v":0}
{"name":"hexo","hostname":"VM-43-50-ubuntu","pid":20980,"level":20,"msg":"Plugin loaded: \u001b[35mhexo-server\u001b[39m","time":"2018-07-29T09:32:03.996Z","v":0}
{"name":"hexo","hostname":"VM-43-50-ubuntu","pid":20980,"level":30,"msg":"Start processing","time":"2018-07-29T09:32:04.004Z","v":0}
{"name":"hexo","hostname":"VM-43-50-ubuntu","pid":20980,"level":20,"msg":"Processed: \u001b[35m_posts/hello-world.md\u001b[39m","time":"2018-07-29T09:32:04.080Z","v":0}
{"name":"hexo","hostname":"VM-43-50-ubuntu","pid":20980,"level":20,"msg":"Processed: \u001b[35m_posts/LeetCode312.md\u001b[39m","time":"2018-07-29T09:32:04.083Z","v":0}
{"name":"hexo","hostname":"VM-43-50-ubuntu","pid":20980,"level":20,"msg":"Processed: \u001b[35m_posts/LeetCode382.md\u001b[39m","time":"2018-07-29T09:32:04.085Z","v":0}
{"name":"hexo","hostname":"VM-43-50-ubuntu","pid":20980,"level":20,"msg":"Processed: \u001b[35m_posts/LeetCode496.md\u001b[39m","time":"2018-07-29T09:32:04.087Z","v":0}
{"name":"hexo","hostname":"VM-43-50-ubuntu","pid":20980,"level":20,"msg":"Processed: \u001b[35m_posts/bitwise-operation-in-leetcode.md\u001b[39m","time":"2018-07-29T09:32:04.088Z","v":0}
{"name":"hexo","hostname":"VM-43-50-ubuntu","pid":20980,"level":20,"msg":"Processed: \u001b[35m_posts/fluent-python-11.md\u001b[39m","time":"2018-07-29T09:32:04.099Z","v":0}
{"name":"hexo","hostname":"VM-43-50-ubuntu","pid":20980,"level":20,"msg":"Processed: \u001b[35m_posts/fluent-python-12.md\u001b[39m","time":"2018-07-29T09:32:04.102Z","v":0}
{"name":"hexo","hostname":"VM-43-50-ubuntu","pid":20980,"level":20,"msg":"Processed: \u001b[35m_posts/fluent-python-2.md\u001b[39m","time":"2018-07-29T09:32:04.103Z","v":0}
{"name":"hexo","hostname":"VM-43-50-ubuntu","pid":20980,"level":20,"msg":"Processed: \u001b[35m_posts/fluent-python-6-2.md\u001b[39m","time":"2018-07-29T09:32:04.105Z","v":0}
{"name":"hexo","hostname":"VM-43-50-ubuntu","pid":20980,"level":20,"msg":"Processed: \u001b[35m_posts/fluent-python-chapter1-note.md\u001b[39m","time":"2018-07-29T09:32:04.106Z","v":0}
{"name":"hexo","hostname":"VM-43-50-ubuntu","pid":20980,"level":20,"msg":"Processed: \u001b[35m_posts/hello.md\u001b[39m","time":"2018-07-29T09:32:04.107Z","v":0}
{"name":"hexo","hostname":"VM-43-50-ubuntu","pid":20980,"level":20,"msg":"Processed: \u001b[35m_posts/jetbrain_crack.md\u001b[39m","time":"2018-07-29T09:32:04.108Z","v":0}
{"name":"hexo","hostname":"VM-43-50-ubuntu","pid":20980,"level":20,"msg":"Processed: \u001b[35m_posts/ubuntu_tcp_bbr.md\u001b[39m","time":"2018-07-29T09:32:04.109Z","v":0}
{"name":"hexo","hostname":"VM-43-50-ubuntu","pid":20980,"level":20,"msg":"Processed: \u001b[35m_posts/bilibili_download.md\u001b[39m","time":"2018-07-29T09:32:04.163Z","v":0}
{"name":"hexo","hostname":"VM-43-50-ubuntu","pid":20980,"level":20,"msg":"Processed: \u001b[35m_posts/fluent-python-10.md\u001b[39m","time":"2018-07-29T09:32:04.168Z","v":0}
{"name":"hexo","hostname":"VM-43-50-ubuntu","pid":20980,"level":20,"msg":"Processed: \u001b[35m_posts/fluent-python-3.md\u001b[39m","time":"2018-07-29T09:32:04.170Z","v":0}
{"name":"hexo","hostname":"VM-43-50-ubuntu","pid":20980,"level":20,"msg":"Processed: \u001b[35m_posts/fluent-python-4.md\u001b[39m","time":"2018-07-29T09:32:04.171Z","v":0}
{"name":"hexo","hostname":"VM-43-50-ubuntu","pid":20980,"level":20,"msg":"Processed: \u001b[35m_posts/fluent-python-5.md\u001b[39m","time":"2018-07-29T09:32:04.172Z","v":0}
{"name":"hexo","hostname":"VM-43-50-ubuntu","pid":20980,"level":20,"msg":"Processed: \u001b[35m_posts/fluent-python-6-1.md\u001b[39m","time":"2018-07-29T09:32:04.174Z","v":0}
{"name":"hexo","hostname":"VM-43-50-ubuntu","pid":20980,"level":20,"msg":"Processed: \u001b[35m_posts/fluent-python-8.md\u001b[39m","time":"2018-07-29T09:32:04.175Z","v":0}
{"name":"hexo","hostname":"VM-43-50-ubuntu","pid":20980,"level":20,"msg":"Processed: \u001b[35m_posts/fluent-python-9.md\u001b[39m","time":"2018-07-29T09:32:04.177Z","v":0}
{"name":"hexo","hostname":"VM-43-50-ubuntu","pid":20980,"level":20,"msg":"Processed: \u001b[35m_posts/how-network-connects-1.md\u001b[39m","time":"2018-07-29T09:32:04.177Z","v":0}
{"name":"hexo","hostname":"VM-43-50-ubuntu","pid":20980,"level":20,"msg":"Processed: \u001b[35m_posts/scrapy_crawler_01.md\u001b[39m","time":"2018-07-29T09:32:04.179Z","v":0}
{"name":"hexo","hostname":"VM-43-50-ubuntu","pid":20980,"level":20,"msg":"Processed: \u001b[35m_posts/fluent-python-7.md\u001b[39m","time":"2018-07-29T09:32:04.189Z","v":0}
{"name":"hexo","hostname":"VM-43-50-ubuntu","pid":20980,"level":20,"msg":"Generator: \u001b[35mpage\u001b[39m","time":"2018-07-29T09:32:04.728Z","v":0}
{"name":"hexo","hostname":"VM-43-50-ubuntu","pid":20980,"level":20,"msg":"Generator: \u001b[35mpost\u001b[39m","time":"2018-07-29T09:32:04.728Z","v":0}
{"name":"hexo","hostname":"VM-43-50-ubuntu","pid":20980,"level":20,"msg":"Generator: \u001b[35marchive\u001b[39m","time":"2018-07-29T09:32:04.728Z","v":0}
{"name":"hexo","hostname":"VM-43-50-ubuntu","pid":20980,"level":20,"msg":"Generator: \u001b[35mcategory\u001b[39m","time":"2018-07-29T09:32:04.728Z","v":0}
{"name":"hexo","hostname":"VM-43-50-ubuntu","pid":20980,"level":20,"msg":"Generator: \u001b[35mindex\u001b[39m","time":"2018-07-29T09:32:04.728Z","v":0}
{"name":"hexo","hostname":"VM-43-50-ubuntu","pid":20980,"level":20,"msg":"Generator: \u001b[35mtag\u001b[39m","time":"2018-07-29T09:32:04.729Z","v":0}
{"name":"hexo","hostname":"VM-43-50-ubuntu","pid":20980,"level":20,"msg":"Generator: \u001b[35masset\u001b[39m","time":"2018-07-29T09:32:04.729Z","v":0}
{"name":"hexo","hostname":"VM-43-50-ubuntu","pid":20980,"level":30,"msg":"Hexo is running at \u001b[4mhttp://localhost:4000/\u001b[24m. Press Ctrl+C to stop.","time":"2018-07-29T09:32:04.744Z","v":0}
{"name":"hexo","hostname":"VM-43-50-ubuntu","pid":20980,"level":20,"msg":"Database saved","time":"2018-07-29T09:32:04.763Z","v":0}
{"name":"hexo","hostname":"VM-43-50-ubuntu","pid":20980,"level":30,"msg":"Have a nice day","time":"2018-07-29T09:33:05.569Z","v":0}
{"name":"hexo","hostname":"VM-43-50-ubuntu","pid":20980,"level":20,"msg":"Database saved","time":"2018-07-29T09:33:05.626Z","v":0}
{"name":"hexo","hostname":"VM-43-50-ubuntu","pid":21078,"level":20,"msg":"Hexo version: \u001b[35m3.7.1\u001b[39m","time":"2018-07-29T09:33:33.138Z","v":0}
{"name":"hexo","hostname":"VM-43-50-ubuntu","pid":21078,"level":20,"msg":"Working directory: \u001b[35m~/blog/\u001b[39m","time":"2018-07-29T09:33:33.140Z","v":0}
{"name":"hexo","hostname":"VM-43-50-ubuntu","pid":21078,"level":20,"msg":"Config loaded: \u001b[35m~/blog/_config.yml\u001b[39m","time":"2018-07-29T09:33:33.197Z","v":0}
{"name":"hexo","hostname":"VM-43-50-ubuntu","pid":21078,"level":60,"err":{"message":"Cannot read property 'replace' of null","name":"TypeError","stack":"TypeError: Cannot read property 'replace' of null\n    at fs.exists.then.then.then.config (/root/blog/node_modules/hexo/lib/hexo/load_config.js:35:29)\n    at tryCatcher (/root/blog/node_modules/bluebird/js/release/util.js:16:23)\n    at Promise._settlePromiseFromHandler (/root/blog/node_modules/bluebird/js/release/promise.js:512:31)\n    at Promise._settlePromise (/root/blog/node_modules/bluebird/js/release/promise.js:569:18)\n    at Promise._settlePromise0 (/root/blog/node_modules/bluebird/js/release/promise.js:614:10)\n    at Promise._settlePromises (/root/blog/node_modules/bluebird/js/release/promise.js:693:18)\n    at Async._drainQueue (/root/blog/node_modules/bluebird/js/release/async.js:133:16)\n    at Async._drainQueues (/root/blog/node_modules/bluebird/js/release/async.js:143:10)\n    at Immediate.Async.drainQueues [as _onImmediate] (/root/blog/node_modules/bluebird/js/release/async.js:17:14)\n    at runCallback (timers.js:696:18)\n    at tryOnImmediate (timers.js:667:5)\n    at processImmediate (timers.js:649:5)"},"msg":"Cannot read property 'replace' of null","time":"2018-07-29T09:33:33.199Z","v":0}
{"name":"hexo","hostname":"VM-43-50-ubuntu","pid":21129,"level":20,"msg":"Hexo version: \u001b[35m3.7.1\u001b[39m","time":"2018-07-29T09:33:57.952Z","v":0}
{"name":"hexo","hostname":"VM-43-50-ubuntu","pid":21129,"level":20,"msg":"Working directory: \u001b[35m~/blog/\u001b[39m","time":"2018-07-29T09:33:57.955Z","v":0}
{"name":"hexo","hostname":"VM-43-50-ubuntu","pid":21129,"level":20,"msg":"Config loaded: \u001b[35m~/blog/_config.yml\u001b[39m","time":"2018-07-29T09:33:58.011Z","v":0}
{"name":"hexo","hostname":"VM-43-50-ubuntu","pid":21129,"level":20,"msg":"Plugin loaded: \u001b[35mhexo-generator-archive\u001b[39m","time":"2018-07-29T09:33:58.022Z","v":0}
{"name":"hexo","hostname":"VM-43-50-ubuntu","pid":21129,"level":20,"msg":"Plugin loaded: \u001b[35mhexo-generator-category\u001b[39m","time":"2018-07-29T09:33:58.023Z","v":0}
{"name":"hexo","hostname":"VM-43-50-ubuntu","pid":21129,"level":20,"msg":"Plugin loaded: \u001b[35mhexo-generator-index\u001b[39m","time":"2018-07-29T09:33:58.025Z","v":0}
{"name":"hexo","hostname":"VM-43-50-ubuntu","pid":21129,"level":20,"msg":"Plugin loaded: \u001b[35mhexo-generator-tag\u001b[39m","time":"2018-07-29T09:33:58.025Z","v":0}
{"name":"hexo","hostname":"VM-43-50-ubuntu","pid":21129,"level":20,"msg":"Plugin loaded: \u001b[35mhexo-renderer-ejs\u001b[39m","time":"2018-07-29T09:33:58.028Z","v":0}
{"name":"hexo","hostname":"VM-43-50-ubuntu","pid":21129,"level":20,"msg":"Plugin loaded: \u001b[35mhexo-renderer-stylus\u001b[39m","time":"2018-07-29T09:33:58.029Z","v":0}
{"name":"hexo","hostname":"VM-43-50-ubuntu","pid":21129,"level":20,"msg":"Plugin loaded: \u001b[35mhexo-renderer-marked\u001b[39m","time":"2018-07-29T09:33:58.032Z","v":0}
{"name":"hexo","hostname":"VM-43-50-ubuntu","pid":21129,"level":20,"msg":"Plugin loaded: \u001b[35mhexo-server\u001b[39m","time":"2018-07-29T09:33:58.072Z","v":0}
{"name":"hexo","hostname":"VM-43-50-ubuntu","pid":21129,"level":20,"msg":"Loading database.","time":"2018-07-29T09:33:58.081Z","v":0}
{"name":"hexo","hostname":"VM-43-50-ubuntu","pid":21129,"level":30,"msg":"Start processing","time":"2018-07-29T09:33:58.247Z","v":0}
{"name":"hexo","hostname":"VM-43-50-ubuntu","pid":21129,"level":20,"msg":"Processed: \u001b[35m_posts/LeetCode312.md\u001b[39m","time":"2018-07-29T09:33:58.301Z","v":0}
{"name":"hexo","hostname":"VM-43-50-ubuntu","pid":21129,"level":20,"msg":"Processed: \u001b[35m_posts/LeetCode382.md\u001b[39m","time":"2018-07-29T09:33:58.301Z","v":0}
{"name":"hexo","hostname":"VM-43-50-ubuntu","pid":21129,"level":20,"msg":"Processed: \u001b[35m_posts/LeetCode496.md\u001b[39m","time":"2018-07-29T09:33:58.301Z","v":0}
{"name":"hexo","hostname":"VM-43-50-ubuntu","pid":21129,"level":20,"msg":"Processed: \u001b[35m_posts/bilibili_download.md\u001b[39m","time":"2018-07-29T09:33:58.301Z","v":0}
{"name":"hexo","hostname":"VM-43-50-ubuntu","pid":21129,"level":20,"msg":"Processed: \u001b[35m_posts/bitwise-operation-in-leetcode.md\u001b[39m","time":"2018-07-29T09:33:58.302Z","v":0}
{"name":"hexo","hostname":"VM-43-50-ubuntu","pid":21129,"level":20,"msg":"Processed: \u001b[35m_posts/fluent-python-10.md\u001b[39m","time":"2018-07-29T09:33:58.302Z","v":0}
{"name":"hexo","hostname":"VM-43-50-ubuntu","pid":21129,"level":20,"msg":"Processed: \u001b[35m_posts/fluent-python-11.md\u001b[39m","time":"2018-07-29T09:33:58.302Z","v":0}
{"name":"hexo","hostname":"VM-43-50-ubuntu","pid":21129,"level":20,"msg":"Processed: \u001b[35m_posts/fluent-python-12.md\u001b[39m","time":"2018-07-29T09:33:58.302Z","v":0}
{"name":"hexo","hostname":"VM-43-50-ubuntu","pid":21129,"level":20,"msg":"Processed: \u001b[35m_posts/fluent-python-2.md\u001b[39m","time":"2018-07-29T09:33:58.302Z","v":0}
{"name":"hexo","hostname":"VM-43-50-ubuntu","pid":21129,"level":20,"msg":"Processed: \u001b[35m_posts/fluent-python-3.md\u001b[39m","time":"2018-07-29T09:33:58.302Z","v":0}
{"name":"hexo","hostname":"VM-43-50-ubuntu","pid":21129,"level":20,"msg":"Processed: \u001b[35m_posts/fluent-python-4.md\u001b[39m","time":"2018-07-29T09:33:58.302Z","v":0}
{"name":"hexo","hostname":"VM-43-50-ubuntu","pid":21129,"level":20,"msg":"Processed: \u001b[35m_posts/fluent-python-5.md\u001b[39m","time":"2018-07-29T09:33:58.303Z","v":0}
{"name":"hexo","hostname":"VM-43-50-ubuntu","pid":21129,"level":20,"msg":"Processed: \u001b[35m_posts/fluent-python-6-1.md\u001b[39m","time":"2018-07-29T09:33:58.303Z","v":0}
{"name":"hexo","hostname":"VM-43-50-ubuntu","pid":21129,"level":20,"msg":"Processed: \u001b[35m_posts/fluent-python-6-2.md\u001b[39m","time":"2018-07-29T09:33:58.303Z","v":0}
{"name":"hexo","hostname":"VM-43-50-ubuntu","pid":21129,"level":20,"msg":"Processed: \u001b[35m_posts/fluent-python-7.md\u001b[39m","time":"2018-07-29T09:33:58.303Z","v":0}
{"name":"hexo","hostname":"VM-43-50-ubuntu","pid":21129,"level":20,"msg":"Processed: \u001b[35m_posts/fluent-python-8.md\u001b[39m","time":"2018-07-29T09:33:58.303Z","v":0}
{"name":"hexo","hostname":"VM-43-50-ubuntu","pid":21129,"level":20,"msg":"Processed: \u001b[35m_posts/fluent-python-9.md\u001b[39m","time":"2018-07-29T09:33:58.303Z","v":0}
{"name":"hexo","hostname":"VM-43-50-ubuntu","pid":21129,"level":20,"msg":"Processed: \u001b[35m_posts/fluent-python-chapter1-note.md\u001b[39m","time":"2018-07-29T09:33:58.303Z","v":0}
{"name":"hexo","hostname":"VM-43-50-ubuntu","pid":21129,"level":20,"msg":"Processed: \u001b[35m_posts/hello-world.md\u001b[39m","time":"2018-07-29T09:33:58.303Z","v":0}
{"name":"hexo","hostname":"VM-43-50-ubuntu","pid":21129,"level":20,"msg":"Processed: \u001b[35m_posts/hello.md\u001b[39m","time":"2018-07-29T09:33:58.304Z","v":0}
{"name":"hexo","hostname":"VM-43-50-ubuntu","pid":21129,"level":20,"msg":"Processed: \u001b[35m_posts/how-network-connects-1.md\u001b[39m","time":"2018-07-29T09:33:58.304Z","v":0}
{"name":"hexo","hostname":"VM-43-50-ubuntu","pid":21129,"level":20,"msg":"Processed: \u001b[35m_posts/jetbrain_crack.md\u001b[39m","time":"2018-07-29T09:33:58.304Z","v":0}
{"name":"hexo","hostname":"VM-43-50-ubuntu","pid":21129,"level":20,"msg":"Processed: \u001b[35m_posts/scrapy_crawler_01.md\u001b[39m","time":"2018-07-29T09:33:58.304Z","v":0}
{"name":"hexo","hostname":"VM-43-50-ubuntu","pid":21129,"level":20,"msg":"Processed: \u001b[35m_posts/ubuntu_tcp_bbr.md\u001b[39m","time":"2018-07-29T09:33:58.304Z","v":0}
{"name":"hexo","hostname":"VM-43-50-ubuntu","pid":21129,"level":20,"msg":"Generator: \u001b[35mpage\u001b[39m","time":"2018-07-29T09:33:58.354Z","v":0}
{"name":"hexo","hostname":"VM-43-50-ubuntu","pid":21129,"level":20,"msg":"Generator: \u001b[35mpost\u001b[39m","time":"2018-07-29T09:33:58.355Z","v":0}
{"name":"hexo","hostname":"VM-43-50-ubuntu","pid":21129,"level":20,"msg":"Generator: \u001b[35marchive\u001b[39m","time":"2018-07-29T09:33:58.355Z","v":0}
{"name":"hexo","hostname":"VM-43-50-ubuntu","pid":21129,"level":20,"msg":"Generator: \u001b[35mcategory\u001b[39m","time":"2018-07-29T09:33:58.355Z","v":0}
{"name":"hexo","hostname":"VM-43-50-ubuntu","pid":21129,"level":20,"msg":"Generator: \u001b[35mindex\u001b[39m","time":"2018-07-29T09:33:58.355Z","v":0}
{"name":"hexo","hostname":"VM-43-50-ubuntu","pid":21129,"level":20,"msg":"Generator: \u001b[35mtag\u001b[39m","time":"2018-07-29T09:33:58.355Z","v":0}
{"name":"hexo","hostname":"VM-43-50-ubuntu","pid":21129,"level":20,"msg":"Generator: \u001b[35masset\u001b[39m","time":"2018-07-29T09:33:58.356Z","v":0}
{"name":"hexo","hostname":"VM-43-50-ubuntu","pid":21129,"level":30,"msg":"Hexo is running at \u001b[4mhttp://localhost:4000/\u001b[24m. Press Ctrl+C to stop.","time":"2018-07-29T09:33:58.369Z","v":0}
{"name":"hexo","hostname":"VM-43-50-ubuntu","pid":21129,"level":20,"msg":"Database saved","time":"2018-07-29T09:33:58.389Z","v":0}
{"name":"hexo","hostname":"VM-43-50-ubuntu","pid":21129,"level":40,"msg":"No layout: \u001b[35mindex.html\u001b[39m","time":"2018-07-29T09:34:44.061Z","v":0}
{"name":"hexo","hostname":"VM-43-50-ubuntu","pid":21129,"level":40,"msg":"No layout: \u001b[35mindex.html\u001b[39m","time":"2018-07-29T09:35:10.633Z","v":0}
{"name":"hexo","hostname":"VM-43-50-ubuntu","pid":21129,"level":30,"msg":"See you again","time":"2018-07-29T09:36:03.378Z","v":0}
{"name":"hexo","hostname":"VM-43-50-ubuntu","pid":21129,"level":20,"msg":"Database saved","time":"2018-07-29T09:36:03.430Z","v":0}
